0 info it worked if it ends with ok
1 verbose cli [ 'C:\\Program Files\\nodejs\\node.exe',
1 verbose cli   'C:\\Program Files\\nodejs\\node_modules\\npm\\bin\\npm-cli.js',
1 verbose cli   'start' ]
2 info using npm@3.10.10
3 info using node@v6.9.5
4 verbose run-script [ 'prestart', 'start', 'poststart' ]
5 info lifecycle base-bailey-memory@1.0.0~prestart: base-bailey-memory@1.0.0
6 silly lifecycle base-bailey-memory@1.0.0~prestart: no script for prestart, continuing
7 info lifecycle base-bailey-memory@1.0.0~start: base-bailey-memory@1.0.0
8 verbose lifecycle base-bailey-memory@1.0.0~start: unsafe-perm in lifecycle true
9 verbose lifecycle base-bailey-memory@1.0.0~start: PATH: C:\Users\Orel\AppData\Roaming\nvm\v6.9.5\node_modules\npm\bin\node-gyp-bin;C:\Users\Orel\Documents\OVM\Personal\Proyectos\chatbot_deluna\chatbot_deluna\node_modules\.bin;C:\Program Files (x86)\Common Files\Oracle\Java\javapath;C:\Windows\system32;C:\Windows;C:\Windows\System32\Wbem;C:\Windows\System32\WindowsPowerShell\v1.0\;C:\Windows\System32\OpenSSH\;C:\Program Files (x86)\NVIDIA Corporation\PhysX\Common;C:\Program Files\NVIDIA Corporation\NVIDIA NvDLISR;C:\Users\Orel\AppData\Roaming\nvm;C:\Program Files\nodejs;C:\Program Files\Git\cmd;C:\Program Files\dotnet\;C:\xampp\php;C:\ProgramData\ComposerSetup\bin;C:\Users\Orel\AppData\Local\Programs\Python\Python310\Scripts\;C:\Users\Orel\AppData\Local\Programs\Python\Python310\;C:\Users\Orel\AppData\Local\Microsoft\WindowsApps;C:\Users\Orel\AppData\Local\Programs\Microsoft VS Code\bin;C:\Users\Orel\AppData\Roaming\nvm;C:\Program Files\nodejs;C:\Users\Orel\.fly\bin;C:\Users\Orel\AppData\Roaming\Composer\vendor\bin
10 verbose lifecycle base-bailey-memory@1.0.0~start: CWD: C:\Users\Orel\Documents\OVM\Personal\Proyectos\chatbot_deluna\chatbot_deluna
11 silly lifecycle base-bailey-memory@1.0.0~start: Args: [ '/d /s /c', 'node app.js' ]
12 silly lifecycle base-bailey-memory@1.0.0~start: Returned: code: 1  signal: null
13 info lifecycle base-bailey-memory@1.0.0~start: Failed to exec start script
14 verbose stack Error: base-bailey-memory@1.0.0 start: `node app.js`
14 verbose stack Exit status 1
14 verbose stack     at EventEmitter.<anonymous> (C:\Users\Orel\AppData\Roaming\nvm\v6.9.5\node_modules\npm\lib\utils\lifecycle.js:255:16)
14 verbose stack     at emitTwo (events.js:106:13)
14 verbose stack     at EventEmitter.emit (events.js:191:7)
14 verbose stack     at ChildProcess.<anonymous> (C:\Users\Orel\AppData\Roaming\nvm\v6.9.5\node_modules\npm\lib\utils\spawn.js:40:14)
14 verbose stack     at emitTwo (events.js:106:13)
14 verbose stack     at ChildProcess.emit (events.js:191:7)
14 verbose stack     at maybeClose (internal/child_process.js:877:16)
14 verbose stack     at Process.ChildProcess._handle.onexit (internal/child_process.js:226:5)
15 verbose pkgid base-bailey-memory@1.0.0
16 verbose cwd C:\Users\Orel\Documents\OVM\Personal\Proyectos\chatbot_deluna\chatbot_deluna
17 error Windows_NT 10.0.19045
18 error argv "C:\\Program Files\\nodejs\\node.exe" "C:\\Program Files\\nodejs\\node_modules\\npm\\bin\\npm-cli.js" "start"
19 error node v6.9.5
20 error npm  v3.10.10
21 error code ELIFECYCLE
22 error base-bailey-memory@1.0.0 start: `node app.js`
22 error Exit status 1
23 error Failed at the base-bailey-memory@1.0.0 start script 'node app.js'.
23 error Make sure you have the latest version of node.js and npm installed.
23 error If you do, this is most likely a problem with the base-bailey-memory package,
23 error not with npm itself.
23 error Tell the author that this fails on your system:
23 error     node app.js
23 error You can get information on how to open an issue for this project with:
23 error     npm bugs base-bailey-memory
23 error Or if that isn't available, you can get their info via:
23 error     npm owner ls base-bailey-memory
23 error There is likely additional logging output above.
24 verbose exit [ 1, true ]
